<?xml version="1.0" encoding="UTF-8"?>
<testng-results ignored="0" total="1" passed="1" failed="0" skipped="0">
  <reporter-output>
  </reporter-output>
  <suite started-at="2022-07-06T18:03:12 IST" name="Default suite" finished-at="2022-07-06T18:03:37 IST" duration-ms="25217">
    <groups>
    </groups>
    <test started-at="2022-07-06T18:03:12 IST" name="Default test" finished-at="2022-07-06T18:03:37 IST" duration-ms="25217">
      <class name="DemoPackage.FreeLetics">
        <test-method signature="freeletics()[pri:0, instance:DemoPackage.FreeLetics@78e117e3]" started-at="2022-07-06T18:03:12 IST" name="freeletics" finished-at="2022-07-06T18:03:37 IST" duration-ms="25170" status="PASS">
          <reporter-output>
          </reporter-output>
        </test-method> <!-- freeletics -->
      </class> <!-- DemoPackage.FreeLetics -->
    </test> <!-- Default test -->
  </suite> <!-- Default suite -->
</testng-results>
