<?xml version="1.0" encoding="UTF-8"?>
<testng-results ignored="0" total="1" passed="1" failed="0" skipped="0">
  <reporter-output>
  </reporter-output>
  <suite started-at="2022-07-08T00:05:11 IST" name="Default suite" finished-at="2022-07-08T00:05:38 IST" duration-ms="26715">
    <groups>
    </groups>
    <test started-at="2022-07-08T00:05:11 IST" name="Default test" finished-at="2022-07-08T00:05:38 IST" duration-ms="26715">
      <class name="DemoPackage.FreeLetics">
        <test-method is-config="true" signature="initialize()[pri:0, instance:DemoPackage.FreeLetics@bef2d72]" started-at="2022-07-08T00:05:11 IST" name="initialize" finished-at="2022-07-08T00:05:13 IST" duration-ms="2503" status="PASS">
          <reporter-output>
          </reporter-output>
        </test-method> <!-- initialize -->
        <test-method signature="freeletics()[pri:0, instance:DemoPackage.FreeLetics@bef2d72]" started-at="2022-07-08T00:05:14 IST" name="freeletics" finished-at="2022-07-08T00:05:37 IST" duration-ms="23015" status="PASS">
          <reporter-output>
          </reporter-output>
        </test-method> <!-- freeletics -->
        <test-method is-config="true" signature="close()[pri:0, instance:DemoPackage.FreeLetics@bef2d72]" started-at="2022-07-08T00:05:37 IST" name="close" finished-at="2022-07-08T00:05:38 IST" duration-ms="1119" status="PASS">
          <reporter-output>
          </reporter-output>
        </test-method> <!-- close -->
      </class> <!-- DemoPackage.FreeLetics -->
    </test> <!-- Default test -->
  </suite> <!-- Default suite -->
</testng-results>
